<?xml version="1.0" encoding="UTF-8"?>
<robot generator="Robot 3.1.2 (Python 3.7.2 on win32)" generated="20190623 19:30:07.975" rpa="false">
<suite id="s1" name="Robot" source="C:\Users\RAJKUMAR\eclipse-workspace\Robot">
<suite id="s1-s1" name="Test" source="C:\Users\RAJKUMAR\eclipse-workspace\Robot\Test">
<suite id="s1-s1-s1" name="TestSuite1" source="C:\Users\RAJKUMAR\eclipse-workspace\Robot\Test\TestSuite1.robot">
<kw name="Log" library="BuiltIn" type="setup">
<doc>Logs the given message with the given level.</doc>
<arguments>
<arg>Iam inside in TestSuite Setup</arg>
</arguments>
<msg timestamp="20190623 19:30:14.256" level="INFO">Iam inside in TestSuite Setup</msg>
<status status="PASS" starttime="20190623 19:30:14.239" endtime="20190623 19:30:14.256"></status>
</kw>
<test id="s1-s1-s1-t1" name="SampleLoginTest1">
<kw name="Log" library="BuiltIn" type="setup">
<doc>Logs the given message with the given level.</doc>
<arguments>
<arg>Iam inside in Test Setup</arg>
</arguments>
<msg timestamp="20190623 19:30:14.260" level="INFO">Iam inside in Test Setup</msg>
<status status="PASS" starttime="20190623 19:30:14.256" endtime="20190623 19:30:14.260"></status>
</kw>
<kw name="Create Webdriver" library="SeleniumLibrary">
<doc>Creates an instance of Selenium WebDriver.</doc>
<arguments>
<arg>Chrome</arg>
<arg>executable_path=D:/Downloads/chromedriver.exe</arg>
</arguments>
<msg timestamp="20190623 19:30:14.260" level="INFO">Creating an instance of the Chrome WebDriver.</msg>
<status status="PASS" starttime="20190623 19:30:14.260" endtime="20190623 19:30:44.786"></status>
</kw>
<kw name="Open Browser" library="SeleniumLibrary">
<doc>Opens a new browser instance to the given ``url``.</doc>
<arguments>
<arg>${URL}</arg>
<arg>gc</arg>
</arguments>
<msg timestamp="20190623 19:30:44.806" level="INFO">Opening browser 'gc' to base url 'https://www.sathya.in/'.</msg>
<kw name="Capture Page Screenshot" library="SeleniumLibrary">
<doc>Takes screenshot of the current page and embeds it into log file.</doc>
<msg timestamp="20190623 19:30:46.602" level="INFO" html="yes">&lt;/td&gt;&lt;/tr&gt;&lt;tr&gt;&lt;td colspan="3"&gt;&lt;a href="selenium-screenshot-5.png"&gt;&lt;img src="selenium-screenshot-5.png" width="800px"&gt;&lt;/a&gt;</msg>
<status status="PASS" starttime="20190623 19:30:44.978" endtime="20190623 19:30:46.606"></status>
</kw>
<msg timestamp="20190623 19:30:46.798" level="FAIL">WebDriverException: Message: 'chromedriver' executable needs to be in PATH. Please see https://sites.google.com/a/chromium.org/chromedriver/home
</msg>
<status status="FAIL" starttime="20190623 19:30:44.802" endtime="20190623 19:30:46.798"></status>
</kw>
<kw name="Log" library="BuiltIn" type="teardown">
<doc>Logs the given message with the given level.</doc>
<arguments>
<arg>Iam inside in Test Teardown</arg>
</arguments>
<msg timestamp="20190623 19:30:46.802" level="INFO">Iam inside in Test Teardown</msg>
<status status="PASS" starttime="20190623 19:30:46.798" endtime="20190623 19:30:46.802"></status>
</kw>
<tags>
<tag>sanity</tag>
</tags>
<status status="FAIL" starttime="20190623 19:30:14.256" endtime="20190623 19:30:46.802" critical="yes">WebDriverException: Message: 'chromedriver' executable needs to be in PATH. Please see https://sites.google.com/a/chromium.org/chromedriver/home
</status>
</test>
<kw name="Log" library="BuiltIn" type="teardown">
<doc>Logs the given message with the given level.</doc>
<arguments>
<arg>Iam inside in TestSuite Teardown</arg>
</arguments>
<msg timestamp="20190623 19:30:46.811" level="INFO">Iam inside in TestSuite Teardown</msg>
<status status="PASS" starttime="20190623 19:30:46.807" endtime="20190623 19:30:46.811"></status>
</kw>
<status status="FAIL" starttime="20190623 19:30:11.200" endtime="20190623 19:30:46.811"></status>
</suite>
<status status="FAIL" starttime="20190623 19:30:11.191" endtime="20190623 19:30:46.819"></status>
</suite>
<status status="FAIL" starttime="20190623 19:30:11.031" endtime="20190623 19:30:46.823"></status>
</suite>
<statistics>
<total>
<stat pass="0" fail="1">Critical Tests</stat>
<stat pass="0" fail="1">All Tests</stat>
</total>
<tag>
<stat pass="0" fail="1">sanity</stat>
</tag>
<suite>
<stat pass="0" fail="1" id="s1" name="Robot">Robot</stat>
<stat pass="0" fail="1" id="s1-s1" name="Test">Robot.Test</stat>
<stat pass="0" fail="1" id="s1-s1-s1" name="TestSuite1">Robot.Test.TestSuite1</stat>
</suite>
</statistics>
<errors>
</errors>
</robot>
